Exception in thread "main" java.lang.NoClassDefFoundError: jar
Caused by: java.lang.ClassNotFoundException: jar
	at java.net.URLClassLoader$1.run(URLClassLoader.java:217)
	at java.security.AccessController.doPrivileged(Native Method)
	at java.net.URLClassLoader.findClass(URLClassLoader.java:205)
	at java.lang.ClassLoader.loadClass(ClassLoader.java:321)
	at sun.misc.Launcher$AppClassLoader.loadClass(Launcher.java:294)
	at java.lang.ClassLoader.loadClass(ClassLoader.java:266)
Could not find the main class: jar. Program will exit.
error(100): Hive.g:937:25: syntax error: antlr: NoViableAltException(78@[])

error(100): Hive.g:937:25: syntax error: antlr: MissingTokenException(inserted [@-1,0:0='<missing RPAREN>',<69>,937:24] at ?)

error(100): Hive.g:949:7: syntax error: antlr: MismatchedTokenException(69!=52)

error(100): Hive.g:950:26: syntax error: antlr: MismatchedTokenException(86!=54)

error(100): Hive.g:950:32: syntax error: antlr: MismatchedTokenException(86!=54)

error(100): Hive.g:950:36: syntax error: antlr: MismatchedTokenException(78!=54)

error(100): Hive.g:950:49: syntax error: antlr: MismatchedTokenException(78!=54)

error(100): Hive.g:951:26: syntax error: antlr: MismatchedTokenException(86!=54)

error(100): Hive.g:951:38: syntax error: antlr: MismatchedTokenException(78!=54)

error(100): Hive.g:952:27: syntax error: antlr: MismatchedTokenException(86!=54)

error(100): Hive.g:952:36: syntax error: antlr: MismatchedTokenException(78!=54)

error(100): Hive.g:952:45: syntax error: antlr: MismatchedTokenException(78!=54)

error(100): Hive.g:953:28: syntax error: antlr: MismatchedTokenException(78!=54)

error(100): Hive.g:954:22: syntax error: antlr: MismatchedTokenException(78!=54)

error(100): Hive.g:955:24: syntax error: antlr: MismatchedTokenException(78!=54)

error(100): Hive.g:956:22: syntax error: antlr: MismatchedTokenException(78!=54)

error(100): Hive.g:957:21: syntax error: antlr: MismatchedTokenException(78!=54)

error(100): Hive.g:958:24: syntax error: antlr: MismatchedTokenException(78!=54)

error(100): Hive.g:959:25: syntax error: antlr: MismatchedTokenException(78!=54)

error(100): Hive.g:960:23: syntax error: antlr: MismatchedTokenException(78!=54)

error(100): Hive.g:961:33: syntax error: antlr: MismatchedTokenException(78!=54)

error(100): Hive.g:962:27: syntax error: antlr: MismatchedTokenException(78!=54)

error(100): Hive.g:963:25: syntax error: antlr: MismatchedTokenException(78!=54)

error(100): Hive.g:0:1: syntax error: assign.types: MismatchedTreeNodeException(0!=3)

org\antlr\grammar\v3\DefineGrammarItemsWalker.g: node from line 950:7 mismatched tree node: <mismatched token: [@5153,24384:24384=')',<69>,949:6], resync=createTableStatement
@init  msgs.push("create table statement"); 
@after  msgs.pop(); 
    : 
    /*
    KW_CREATE (ext=KW_EXTERNAL)? KW_TABLE ifNotExists? name=tableName
      (  like=KW_LIKE likeTabName=tableName
         tableLocation?
       | (LPAREN columnNameTypeList RPAREN)?
         tableComment?
         tablePartition?
         tableBuckets?
         tableSkewed?
         tableRowFormat?
         tableFileFormat?
         tableLocation?
         tablePropertiesPrefixed?
         (KW_AS selectStatement)?
      )
    -> ^(TOK_CREATETABLE $name $ext? ifNotExists?
         ^(TOK_LIKETABLE $likeTabName?)
         columnNameTypeList?
         tableComment?
         tablePartition?
         tableBuckets?
         tableSkewed?
         tableRowFormat?
         tableFileFormat?
         tableLocation?
         tablePropertiesPrefixed?
         selectStatement?
        )
    |KW_CREATE KW_TABLE ifNotExists? tname=tableName
      (  like=KW_LIKE KW_SCHEMA likeName=schemaName KW_TO dbName=Identifier
         tableLocation?
         tableComment?
         tablePartition?
         tableDistribution?
         tablePropertiesPrefixed?
      )
    -> ^(TOK_CREATETABLE ifNotExists? $tname
         ^(TOK_LIKESCHEMA $likeName $dbName)
         tableComment?
         tablePartition?
         tableDistribution?
         tablePropertiesPrefixed?
        )
        */
         
        KW_CREATE (ext=KW_EXTERNAL)? KW_TABLE ifNotExists? name=tableName
      (  like=KW_LIKE (KW_TABLE likeTabName=tableName |KW_SCHEMA likeName=schemaName KW_TO dbName=Identifier)
         tableComment?
         tablePartition??  tableDistribution?
       | (LPAREN columnNameTypeList RPAREN)?
         tableComment?
         tablePartition?
         tableBuckets?
         tableSkewed?
         tableRowFormat?
         tableFileFormat?
         tableLocation?
         tablePropertiesPrefixed?
         tableDistribution?
         (KW_AS selectStatement)?
      )
    -> ^(> expecting <UP>
error(106): Hive.g:457:7: reference to undefined rule: createViewStatement

error(106): Hive.g:456:7: reference to undefined rule: metastoreCheck

error(106): Hive.g:454:7: reference to undefined rule: descStatement

error(106): Hive.g:475:7: reference to undefined rule: dropUserStatement

error(106): Hive.g:434:31: reference to undefined rule: tableOrPartition

error(106): Hive.g:417:7: reference to undefined rule: queryStatementExpression

error(106): Hive.g:453:7: reference to undefined rule: alterStatement

error(106): Hive.g:702:31: reference to undefined rule: keyValueProperty

error(106): Hive.g:479:7: reference to undefined rule: authentificationStatement

error(106): Hive.g:875:10: reference to undefined rule: tableComment

error(106): Hive.g:458:7: reference to undefined rule: dropViewStatement

error(106): Hive.g:768:31: reference to undefined rule: keyValueProperty

error(106): Hive.g:702:7: reference to undefined rule: keyValueProperty

error(106): Hive.g:462:7: reference to undefined rule: dropFunctionStatement

error(106): Hive.g:869:45: reference to undefined rule: schemaName

error(106): Hive.g:427:124: reference to undefined rule: tableOrPartition

error(106): Hive.g:455:7: reference to undefined rule: showStatement

error(106): Hive.g:819:31: reference to undefined rule: keyValueProperty

error(106): Hive.g:477:7: reference to undefined rule: changePassword

error(106): Hive.g:500:7: reference to undefined rule: dropRoleStatement

error(106): Hive.g:472:7: reference to undefined rule: grantRole

error(106): Hive.g:473:7: reference to undefined rule: revokeRole

error(106): Hive.g:465:7: reference to undefined rule: unlockStatement

error(106): Hive.g:474:7: reference to undefined rule: createUserStatement

error(106): Hive.g:476:7: reference to undefined rule: showUserNames

error(106): Hive.g:460:7: reference to undefined rule: createIndexStatement

error(106): Hive.g:819:7: reference to undefined rule: keyValueProperty

error(106): Hive.g:468:7: reference to undefined rule: grantPrivileges

error(106): Hive.g:452:7: reference to undefined rule: dropTableStatement

error(106): Hive.g:463:7: reference to undefined rule: analyzeStatement

error(106): Hive.g:441:48: reference to undefined rule: tableOrPartition

error(106): Hive.g:471:7: reference to undefined rule: showRoleGrants

error(106): Hive.g:876:10: reference to undefined rule: schemaPropertiesPrefixed

error(106): Hive.g:464:7: reference to undefined rule: lockStatement

error(106): Hive.g:687:31: reference to undefined rule: stringLiteralList

error(106): Hive.g:768:7: reference to undefined rule: keyValueProperty

error(106): Hive.g:470:7: reference to undefined rule: showGrants

error(106): Hive.g:451:7: reference to undefined rule: createTableStatement

error(106): Hive.g:441:97: reference to undefined rule: tableLocation

error(106): Hive.g:873:18: reference to undefined rule: columnNameTypeList

error(106): Hive.g:469:7: reference to undefined rule: revokePrivileges

error(106): Hive.g:461:7: reference to undefined rule: dropIndexStatement

error(106): Hive.g:871:43: reference to undefined rule: schemaName

error(106): Hive.g:513:6: reference to undefined rule: dropSchemaStatement

error(106): Hive.g:459:7: reference to undefined rule: createFunctionStatement

error(106): Hive.g:480:7: reference to undefined rule: datawarehouseStatement

error(106): Hive.g:499:7: reference to undefined rule: createRoleStatement

warning(105): Hive.g:619:16: no lexer rule corresponding to token: KW_GEOLOC

warning(105): Hive.g:792:7: no lexer rule corresponding to token: KW_CREATE

warning(105): Hive.g:666:23: no lexer rule corresponding to token: KW_DIRECTORIES

warning(105): Hive.g:782:26: no lexer rule corresponding to token: LPAREN

warning(105): Hive.g:563:15: no lexer rule corresponding to token: KW_NODEGROUPASSIGNMENT

warning(105): Hive.g:545:62: no lexer rule corresponding to token: COMMA

warning(105): Hive.g:742:26: no lexer rule corresponding to token: StringLiteral

warning(105): Hive.g:533:35: no lexer rule corresponding to token: LPAREN

warning(105): Hive.g:754:25: no lexer rule corresponding to token: LPAREN

warning(105): Hive.g:427:32: no lexer rule corresponding to token: KW_LOCAL

warning(105): Hive.g:545:7: no lexer rule corresponding to token: KW_DROP

warning(105): Hive.g:625:48: no lexer rule corresponding to token: StringLiteral

warning(105): Hive.g:631:7: no lexer rule corresponding to token: KW_DROP

warning(105): Hive.g:527:78: no lexer rule corresponding to token: StringLiteral

warning(105): Hive.g:593:16: no lexer rule corresponding to token: KW_EQROOM

warning(105): Hive.g:606:25: no lexer rule corresponding to token: StringLiteral

warning(105): Hive.g:599:129: no lexer rule corresponding to token: KW_ON

warning(105): Hive.g:873:11: no lexer rule corresponding to token: LPAREN

warning(105): Hive.g:733:7: no lexer rule corresponding to token: KW_CREATE

warning(105): Hive.g:599:8: no lexer rule corresponding to token: KW_MODIFY

warning(105): Hive.g:587:35: no lexer rule corresponding to token: LPAREN

warning(105): Hive.g:819:25: no lexer rule corresponding to token: COMMA

warning(105): Hive.g:869:17: no lexer rule corresponding to token: KW_SCHEMA

warning(105): Hive.g:434:17: no lexer rule corresponding to token: KW_TABLE

warning(105): Hive.g:533:7: no lexer rule corresponding to token: KW_CREATE

warning(105): Hive.g:557:8: no lexer rule corresponding to token: KW_SHOW

warning(105): Hive.g:533:17: no lexer rule corresponding to token: KW_ROLEASSIGNMENT

warning(105): Hive.g:612:47: no lexer rule corresponding to token: StringLiteral

warning(105): Hive.g:637:169: no lexer rule corresponding to token: RPAREN

warning(105): Hive.g:410:4: no lexer rule corresponding to token: KW_EXPLAIN

warning(105): Hive.g:545:15: no lexer rule corresponding to token: KW_USERASSIGNMENT

warning(105): Hive.g:783:18: no lexer rule corresponding to token: KW_NODEPROPERTIES

warning(105): Hive.g:643:7: no lexer rule corresponding to token: KW_IF

warning(105): Hive.g:551:50: no lexer rule corresponding to token: StringLiteral

warning(105): Hive.g:702:25: no lexer rule corresponding to token: COMMA

warning(105): Hive.g:695:38: no lexer rule corresponding to token: RPAREN

warning(105): Hive.g:545:48: no lexer rule corresponding to token: StringLiteral

warning(105): Hive.g:569:90: no lexer rule corresponding to token: StringLiteral

warning(105): Hive.g:612:86: no lexer rule corresponding to token: RPAREN

warning(105): Hive.g:754:17: no lexer rule corresponding to token: KW_NODE

warning(105): Hive.g:637:104: no lexer rule corresponding to token: StringLiteral

warning(105): Hive.g:734:14: no lexer rule corresponding to token: Identifier

warning(105): Hive.g:722:7: no lexer rule corresponding to token: KW_COMMENT

warning(105): Hive.g:754:61: no lexer rule corresponding to token: Identifier

warning(105): Hive.g:871:16: no lexer rule corresponding to token: KW_LIKE

warning(105): Hive.g:434:49: no lexer rule corresponding to token: KW_TO

warning(105): Hive.g:569:55: no lexer rule corresponding to token: StringLiteral

warning(105): Hive.g:563:53: no lexer rule corresponding to token: StringLiteral

warning(105): Hive.g:625:75: no lexer rule corresponding to token: StringLiteral

warning(105): Hive.g:612:128: no lexer rule corresponding to token: KW_ON

warning(105): Hive.g:427:7: no lexer rule corresponding to token: KW_LOAD

warning(105): Hive.g:521:16: no lexer rule corresponding to token: KW_ROLEASSIGNMENT

warning(105): Hive.g:659:7: no lexer rule corresponding to token: KW_IF

warning(105): Hive.g:768:25: no lexer rule corresponding to token: COMMA

warning(105): Hive.g:533:80: no lexer rule corresponding to token: StringLiteral

warning(105): Hive.g:599:87: no lexer rule corresponding to token: RPAREN

warning(105): Hive.g:563:88: no lexer rule corresponding to token: StringLiteral

warning(105): Hive.g:625:130: no lexer rule corresponding to token: StringLiteral

warning(105): Hive.g:533:64: no lexer rule corresponding to token: COMMA

warning(105): Hive.g:826:7: no lexer rule corresponding to token: KW_USE

warning(105): Hive.g:631:15: no lexer rule corresponding to token: KW_GEOLOC

warning(105): Hive.g:527:33: no lexer rule corresponding to token: LPAREN

warning(105): Hive.g:612:17: no lexer rule corresponding to token: KW_EQROOM

warning(105): Hive.g:599:76: no lexer rule corresponding to token: Identifier

warning(105): Hive.g:625:62: no lexer rule corresponding to token: COMMA

warning(105): Hive.g:551:17: no lexer rule corresponding to token: KW_USERASSIGNMENT

warning(105): Hive.g:774:15: no lexer rule corresponding to token: KW_NODE

warning(105): Hive.g:527:92: no lexer rule corresponding to token: RPAREN

warning(105): Hive.g:599:148: no lexer rule corresponding to token: StringLiteral

warning(105): Hive.g:686:10: no lexer rule corresponding to token: KW_WITH

warning(105): Hive.g:612:110: no lexer rule corresponding to token: StringLiteral

warning(105): Hive.g:708:27: no lexer rule corresponding to token: Identifier

warning(105): Hive.g:687:10: no lexer rule corresponding to token: KW_ON

warning(105): Hive.g:427:87: no lexer rule corresponding to token: KW_OVERWRITE

warning(105): Hive.g:637:118: no lexer rule corresponding to token: COMMA

warning(105): Hive.g:782:38: no lexer rule corresponding to token: Identifier

warning(105): Hive.g:782:73: no lexer rule corresponding to token: COMMA

warning(105): Hive.g:652:7: no lexer rule corresponding to token: KW_CASCADE

warning(105): Hive.g:551:94: no lexer rule corresponding to token: RPAREN

warning(105): Hive.g:754:7: no lexer rule corresponding to token: KW_CREATE

warning(105): Hive.g:695:7: no lexer rule corresponding to token: LPAREN

warning(105): Hive.g:581:92: no lexer rule corresponding to token: RPAREN

warning(105): Hive.g:581:50: no lexer rule corresponding to token: StringLiteral

warning(105): Hive.g:599:62: no lexer rule corresponding to token: COMMA

warning(105): Hive.g:625:144: no lexer rule corresponding to token: COMMA

warning(105): Hive.g:637:130: no lexer rule corresponding to token: StringLiteral

warning(105): Hive.g:625:28: no lexer rule corresponding to token: LPAREN

warning(105): Hive.g:581:7: no lexer rule corresponding to token: KW_DROP

warning(105): Hive.g:871:24: no lexer rule corresponding to token: KW_SCHEMA

warning(105): Hive.g:539:16: no lexer rule corresponding to token: KW_USERASSIGNMENT

warning(105): Hive.g:782:82: no lexer rule corresponding to token: Identifier

warning(105): Hive.g:551:7: no lexer rule corresponding to token: KW_CREATE

warning(105): Hive.g:637:27: no lexer rule corresponding to token: LPAREN

warning(105): Hive.g:805:7: no lexer rule corresponding to token: KW_LOCATION

warning(105): Hive.g:742:7: no lexer rule corresponding to token: KW_COMMENT

warning(105): Hive.g:826:14: no lexer rule corresponding to token: Identifier

warning(105): Hive.g:441:68: no lexer rule corresponding to token: KW_FROM

warning(105): Hive.g:754:81: no lexer rule corresponding to token: Identifier

warning(105): Hive.g:873:37: no lexer rule corresponding to token: RPAREN

warning(105): Hive.g:427:102: no lexer rule corresponding to token: KW_INTO

warning(105): Hive.g:619:8: no lexer rule corresponding to token: KW_SHOW

warning(105): Hive.g:625:8: no lexer rule corresponding to token: KW_MODIFY

warning(105): Hive.g:569:40: no lexer rule corresponding to token: LPAREN

warning(105): Hive.g:637:7: no lexer rule corresponding to token: KW_CREATE

warning(105): Hive.g:587:17: no lexer rule corresponding to token: KW_NODEASSIGNMENT

warning(105): Hive.g:631:25: no lexer rule corresponding to token: StringLiteral

warning(105): Hive.g:521:8: no lexer rule corresponding to token: KW_SHOW

warning(105): Hive.g:715:38: no lexer rule corresponding to token: Identifier

warning(105): Hive.g:563:67: no lexer rule corresponding to token: COMMA

warning(105): Hive.g:551:64: no lexer rule corresponding to token: COMMA

warning(105): Hive.g:587:7: no lexer rule corresponding to token: KW_CREATE

warning(105): Hive.g:533:94: no lexer rule corresponding to token: RPAREN

warning(105): Hive.g:708:7: no lexer rule corresponding to token: KW_USE

warning(105): Hive.g:527:7: no lexer rule corresponding to token: KW_DROP

warning(105): Hive.g:666:17: no lexer rule corresponding to token: KW_AS

warning(105): Hive.g:754:72: no lexer rule corresponding to token: COMMA

warning(105): Hive.g:637:144: no lexer rule corresponding to token: COMMA

warning(105): Hive.g:762:33: no lexer rule corresponding to token: RPAREN

warning(105): Hive.g:551:80: no lexer rule corresponding to token: StringLiteral

warning(105): Hive.g:581:64: no lexer rule corresponding to token: COMMA

warning(105): Hive.g:774:23: no lexer rule corresponding to token: Identifier

warning(105): Hive.g:659:20: no lexer rule corresponding to token: KW_EXISTS

warning(105): Hive.g:606:15: no lexer rule corresponding to token: KW_EQROOM

warning(105): Hive.g:625:169: no lexer rule corresponding to token: RPAREN

warning(105): Hive.g:410:58: no lexer rule corresponding to token: KW_FORMATTED

warning(105): Hive.g:612:61: no lexer rule corresponding to token: COMMA

warning(105): Hive.g:427:43: no lexer rule corresponding to token: KW_INPATH

warning(105): Hive.g:527:48: no lexer rule corresponding to token: StringLiteral

warning(105): Hive.g:593:8: no lexer rule corresponding to token: KW_SHOW

warning(105): Hive.g:782:49: no lexer rule corresponding to token: COMMA

warning(105): Hive.g:637:17: no lexer rule corresponding to token: KW_GEOLOC

warning(105): Hive.g:637:75: no lexer rule corresponding to token: StringLiteral

warning(105): Hive.g:797:18: no lexer rule corresponding to token: KW_DBPROPERTIES

warning(105): Hive.g:682:7: no lexer rule corresponding to token: KW_CREATE

warning(105): Hive.g:563:102: no lexer rule corresponding to token: RPAREN

warning(105): Hive.g:441:20: no lexer rule corresponding to token: KW_EXTERNAL

warning(105): Hive.g:612:75: no lexer rule corresponding to token: Identifier

warning(105): Hive.g:599:28: no lexer rule corresponding to token: LPAREN

warning(105): Hive.g:715:7: no lexer rule corresponding to token: KW_DROP

warning(105): Hive.g:587:52: no lexer rule corresponding to token: StringLiteral

warning(105): Hive.g:612:95: no lexer rule corresponding to token: KW_COMMENT

warning(105): Hive.g:557:16: no lexer rule corresponding to token: KW_NODEGROUPASSIGNMENT

warning(105): Hive.g:575:8: no lexer rule corresponding to token: KW_SHOW

warning(105): Hive.g:569:17: no lexer rule corresponding to token: KW_NODEGROUPASSIGNMENT

warning(105): Hive.g:673:13: no lexer rule corresponding to token: KW_REPLACE

warning(105): Hive.g:625:89: no lexer rule corresponding to token: COMMA

warning(105): Hive.g:774:7: no lexer rule corresponding to token: KW_DROP

warning(105): Hive.g:545:92: no lexer rule corresponding to token: RPAREN

warning(105): Hive.g:794:14: no lexer rule corresponding to token: Identifier

org\antlr\grammar\v3\DefineGrammarItemsWalker.g: node from line 950:7 mismatched tree node: <mismatched token: [@5153,24384:24384=')',<69>,949:6], resync=createTableStatement
@init  msgs.push("create table statement"); 
@after  msgs.pop(); 
    : 
    /*
    KW_CREATE (ext=KW_EXTERNAL)? KW_TABLE ifNotExists? name=tableName
      (  like=KW_LIKE likeTabName=tableName
         tableLocation?
       | (LPAREN columnNameTypeList RPAREN)?
         tableComment?
         tablePartition?
         tableBuckets?
         tableSkewed?
         tableRowFormat?
         tableFileFormat?
         tableLocation?
         tablePropertiesPrefixed?
         (KW_AS selectStatement)?
      )
    -> ^(TOK_CREATETABLE $name $ext? ifNotExists?
         ^(TOK_LIKETABLE $likeTabName?)
         columnNameTypeList?
         tableComment?
         tablePartition?
         tableBuckets?
         tableSkewed?
         tableRowFormat?
         tableFileFormat?
         tableLocation?
         tablePropertiesPrefixed?
         selectStatement?
        )
    |KW_CREATE KW_TABLE ifNotExists? tname=tableName
      (  like=KW_LIKE KW_SCHEMA likeName=schemaName KW_TO dbName=Identifier
         tableLocation?
         tableComment?
         tablePartition?
         tableDistribution?
         tablePropertiesPrefixed?
      )
    -> ^(TOK_CREATETABLE ifNotExists? $tname
         ^(TOK_LIKESCHEMA $likeName $dbName)
         tableComment?
         tablePartition?
         tableDistribution?
         tablePropertiesPrefixed?
        )
        */
         
        KW_CREATE (ext=KW_EXTERNAL)? KW_TABLE ifNotExists? name=tableName
      (  like=KW_LIKE (KW_TABLE likeTabName=tableName |KW_SCHEMA likeName=schemaName KW_TO dbName=Identifier)
         tableComment?
         tablePartition??  tableDistribution?
       | (LPAREN columnNameTypeList RPAREN)?
         tableComment?
         tablePartition?
         tableBuckets?
         tableSkewed?
         tableRowFormat?
         tableFileFormat?
         tableLocation?
         tablePropertiesPrefixed?
         tableDistribution?
         (KW_AS selectStatement)?
      )
    -> ^(> expecting <UP>
warning(105): Hive.g:625:18: no lexer rule corresponding to token: KW_GEOLOC

warning(105): Hive.g:533:50: no lexer rule corresponding to token: StringLiteral

warning(105): Hive.g:762:7: no lexer rule corresponding to token: LPAREN

warning(105): Hive.g:625:118: no lexer rule corresponding to token: COMMA

warning(105): Hive.g:686:18: no lexer rule corresponding to token: KW_DBPROPERTIES

warning(105): Hive.g:569:7: no lexer rule corresponding to token: KW_CREATE

warning(105): Hive.g:722:26: no lexer rule corresponding to token: StringLiteral

warning(105): Hive.g:782:18: no lexer rule corresponding to token: KW_NODE

warning(105): Hive.g:612:7: no lexer rule corresponding to token: KW_CREATE

warning(105): Hive.g:625:104: no lexer rule corresponding to token: StringLiteral

warning(105): Hive.g:715:15: no lexer rule corresponding to token: KW_NODEGROUP

warning(105): Hive.g:599:48: no lexer rule corresponding to token: StringLiteral

warning(105): Hive.g:569:69: no lexer rule corresponding to token: COMMA

warning(105): Hive.g:410:31: no lexer rule corresponding to token: KW_EXTENDED

warning(105): Hive.g:427:59: no lexer rule corresponding to token: StringLiteral

warning(105): Hive.g:581:33: no lexer rule corresponding to token: LPAREN

warning(105): Hive.g:637:48: no lexer rule corresponding to token: StringLiteral

warning(105): Hive.g:539:8: no lexer rule corresponding to token: KW_SHOW

warning(105): Hive.g:869:7: no lexer rule corresponding to token: KW_CREATE

warning(105): Hive.g:551:35: no lexer rule corresponding to token: LPAREN

warning(105): Hive.g:612:147: no lexer rule corresponding to token: StringLiteral

warning(105): Hive.g:612:27: no lexer rule corresponding to token: LPAREN

warning(105): Hive.g:410:86: no lexer rule corresponding to token: KW_DEPENDENCY

warning(105): Hive.g:643:13: no lexer rule corresponding to token: KW_EXISTS

warning(105): Hive.g:434:7: no lexer rule corresponding to token: KW_EXPORT

warning(105): Hive.g:587:66: no lexer rule corresponding to token: COMMA

warning(105): Hive.g:659:13: no lexer rule corresponding to token: KW_NOT

warning(105): Hive.g:755:10: no lexer rule corresponding to token: KW_WITH

warning(105): Hive.g:783:10: no lexer rule corresponding to token: KW_WITH

warning(105): Hive.g:754:48: no lexer rule corresponding to token: COMMA

warning(105): Hive.g:587:80: no lexer rule corresponding to token: StringLiteral

warning(105): Hive.g:434:61: no lexer rule corresponding to token: StringLiteral

warning(105): Hive.g:755:18: no lexer rule corresponding to token: KW_NODEPROPERTIES

warning(105): Hive.g:754:37: no lexer rule corresponding to token: Identifier

warning(105): Hive.g:527:15: no lexer rule corresponding to token: KW_ROLEASSIGNMENT

warning(105): Hive.g:833:26: no lexer rule corresponding to token: Identifier

warning(105): Hive.g:782:62: no lexer rule corresponding to token: Identifier

warning(105): Hive.g:812:7: no lexer rule corresponding to token: LPAREN

warning(105): Hive.g:587:94: no lexer rule corresponding to token: RPAREN

warning(105): Hive.g:599:111: no lexer rule corresponding to token: StringLiteral

warning(105): Hive.g:782:8: no lexer rule corresponding to token: KW_MODIFY

warning(105): Hive.g:441:4: no lexer rule corresponding to token: KW_IMPORT

warning(105): Hive.g:733:17: no lexer rule corresponding to token: KW_BUSITYPE

warning(105): Hive.g:427:110: no lexer rule corresponding to token: KW_TABLE

warning(105): Hive.g:840:7: no lexer rule corresponding to token: KW_COMMENT

warning(105): Hive.g:782:93: no lexer rule corresponding to token: RPAREN

warning(105): Hive.g:581:78: no lexer rule corresponding to token: StringLiteral

warning(105): Hive.g:599:18: no lexer rule corresponding to token: KW_EQROOM

warning(105): Hive.g:754:92: no lexer rule corresponding to token: RPAREN

warning(105): Hive.g:812:31: no lexer rule corresponding to token: RPAREN

warning(105): Hive.g:666:7: no lexer rule corresponding to token: KW_STORED

warning(105): Hive.g:581:15: no lexer rule corresponding to token: KW_NODEASSIGNMENT

warning(105): Hive.g:441:34: no lexer rule corresponding to token: KW_TABLE

warning(105): Hive.g:637:62: no lexer rule corresponding to token: COMMA

warning(105): Hive.g:682:17: no lexer rule corresponding to token: KW_NODEGROUP

warning(105): Hive.g:684:14: no lexer rule corresponding to token: Identifier

warning(105): Hive.g:840:26: no lexer rule corresponding to token: StringLiteral

warning(105): Hive.g:650:7: no lexer rule corresponding to token: KW_RESTRICT

warning(105): Hive.g:805:24: no lexer rule corresponding to token: StringLiteral

warning(105): Hive.g:708:14: no lexer rule corresponding to token: KW_NODEGROUP

warning(105): Hive.g:569:104: no lexer rule corresponding to token: RPAREN

warning(105): Hive.g:625:155: no lexer rule corresponding to token: StringLiteral

warning(105): Hive.g:575:16: no lexer rule corresponding to token: KW_NODEASSIGNMENT

warning(105): Hive.g:563:38: no lexer rule corresponding to token: LPAREN

warning(105): Hive.g:637:89: no lexer rule corresponding to token: COMMA

warning(105): Hive.g:673:7: no lexer rule corresponding to token: KW_OR

warning(105): Hive.g:797:10: no lexer rule corresponding to token: KW_WITH

warning(105): Hive.g:637:155: no lexer rule corresponding to token: StringLiteral

warning(105): Hive.g:687:16: no lexer rule corresponding to token: KW_NODES

warning(105): Hive.g:833:7: no lexer rule corresponding to token: KW_DROP

warning(105): Hive.g:599:96: no lexer rule corresponding to token: KW_COMMENT

warning(105): Hive.g:545:33: no lexer rule corresponding to token: LPAREN

warning(105): Hive.g:527:62: no lexer rule corresponding to token: COMMA

warning(105): Hive.g:545:78: no lexer rule corresponding to token: StringLiteral

warning(105): Hive.g:427:15: no lexer rule corresponding to token: KW_DATA

warning(105): Hive.g:606:7: no lexer rule corresponding to token: KW_DROP

warning(105): Hive.g:563:7: no lexer rule corresponding to token: KW_DROP

warning(105): Hive.g:441:82: no lexer rule corresponding to token: StringLiteral

org\antlr\grammar\v3\DefineGrammarItemsWalker.g: node from line 950:7 mismatched tree node: <mismatched token: [@5153,24384:24384=')',<69>,949:6], resync=createTableStatement
@init  msgs.push("create table statement"); 
@after  msgs.pop(); 
    : 
    /*
    KW_CREATE (ext=KW_EXTERNAL)? KW_TABLE ifNotExists? name=tableName
      (  like=KW_LIKE likeTabName=tableName
         tableLocation?
       | (LPAREN columnNameTypeList RPAREN)?
         tableComment?
         tablePartition?
         tableBuckets?
         tableSkewed?
         tableRowFormat?
         tableFileFormat?
         tableLocation?
         tablePropertiesPrefixed?
         (KW_AS selectStatement)?
      )
    -> ^(TOK_CREATETABLE $name $ext? ifNotExists?
         ^(TOK_LIKETABLE $likeTabName?)
         columnNameTypeList?
         tableComment?
         tablePartition?
         tableBuckets?
         tableSkewed?
         tableRowFormat?
         tableFileFormat?
         tableLocation?
         tablePropertiesPrefixed?
         selectStatement?
        )
    |KW_CREATE KW_TABLE ifNotExists? tname=tableName
      (  like=KW_LIKE KW_SCHEMA likeName=schemaName KW_TO dbName=Identifier
         tableLocation?
         tableComment?
         tablePartition?
         tableDistribution?
         tablePropertiesPrefixed?
      )
    -> ^(TOK_CREATETABLE ifNotExists? $tname
         ^(TOK_LIKESCHEMA $likeName $dbName)
         tableComment?
         tablePartition?
         tableDistribution?
         tablePropertiesPrefixed?
        )
        */
         
        KW_CREATE (ext=KW_EXTERNAL)? KW_TABLE ifNotExists? name=tableName
      (  like=KW_LIKE (KW_TABLE likeTabName=tableName |KW_SCHEMA likeName=schemaName KW_TO dbName=Identifier)
         tableComment?
         tablePartition??  tableDistribution?
       | (LPAREN columnNameTypeList RPAREN)?
         tableComment?
         tablePartition?
         tableBuckets?
         tableSkewed?
         tableRowFormat?
         tableFileFormat?
         tableLocation?
         tablePropertiesPrefixed?
         tableDistribution?
         (KW_AS selectStatement)?
      )
    -> ^(> expecting <UP>
Sep 22, 2013 10:07:29 AM java.util.prefs.FileSystemPreferences syncWorld
WARNING: Couldn't flush user prefs: java.util.prefs.BackingStoreException: Couldn't get file lock.
